#
# There is insufficient memory for the Java Runtime Environment to continue.
# Native memory allocation (malloc) failed to allocate 290656 bytes for Chunk::new
# Possible reasons:
#   The system is out of physical RAM or swap space
#   In 32 bit mode, the process size limit was hit
# Possible solutions:
#   Reduce memory load on the system
#   Increase physical memory or swap space
#   Check if swap backing store is full
#   Use 64 bit Java on a 64 bit OS
#   Decrease Java heap size (-Xmx/-Xms)
#   Decrease number of Java threads
#   Decrease Java thread stack sizes (-Xss)
#   Set larger code cache with -XX:ReservedCodeCacheSize=
# This output file may be truncated or incomplete.
#
#  Out of Memory Error (allocation.cpp:323), pid=11964, tid=12664
#
# JRE version: Java(TM) SE Runtime Environment (7.0_45-b18) (build 1.7.0_45-b18)
# Java VM: Java HotSpot(TM) 64-Bit Server VM (24.45-b08 mixed mode windows-amd64 compressed oops)
# Failed to write core dump. Minidumps are not enabled by default on client versions of Windows
#

---------------  T H R E A D  ---------------

Current thread (0x0000000009911000):  JavaThread "C2 CompilerThread1" daemon [_thread_in_native, id=12664, stack(0x000000000b180000,0x000000000b280000)]

Stack: [0x000000000b180000,0x000000000b280000]

Current CompileTask:
C2:  30491  192             java.util.regex.Pattern::compile (406 bytes)


---------------  P R O C E S S  ---------------

Java Threads: ( => current thread )
  0x0000000009913800 JavaThread "Service Thread" daemon [_thread_blocked, id=12668, stack(0x000000000b2b0000,0x000000000b3b0000)]
=>0x0000000009911000 JavaThread "C2 CompilerThread1" daemon [_thread_in_native, id=12664, stack(0x000000000b180000,0x000000000b280000)]
  0x000000000990e800 JavaThread "C2 CompilerThread0" daemon [_thread_in_native, id=12660, stack(0x000000000b040000,0x000000000b140000)]
  0x000000000990d800 JavaThread "Attach Listener" daemon [_thread_blocked, id=12656, stack(0x000000000af10000,0x000000000b010000)]
  0x0000000009906800 JavaThread "Signal Dispatcher" daemon [_thread_blocked, id=12652, stack(0x000000000ad70000,0x000000000ae70000)]
  0x00000000098af000 JavaThread "Finalizer" daemon [_thread_blocked, id=12616, stack(0x000000000ab60000,0x000000000ac60000)]
  0x00000000098ab800 JavaThread "Reference Handler" daemon [_thread_blocked, id=12612, stack(0x000000000a9e0000,0x000000000aae0000)]
  0x000000000228e000 JavaThread "main" [_thread_in_Java, id=12472, stack(0x0000000002430000,0x0000000002530000)]

Other Threads:
  0x00000000098a7800 VMThread [stack: 0x000000000a8c0000,0x000000000a9c0000] [id=12564]
  0x0000000009915000 WatcherThread [stack: 0x000000000b4a0000,0x000000000b5a0000] [id=12672]

VM state:not at safepoint (normal execution)

VM Mutex/Monitor currently owned by a thread: None

Heap
 PSYoungGen      total 53248K, used 32590K [0x00000000e0000000, 0x00000000e3800000, 0x0000000100000000)
  eden space 49152K, 58% used [0x00000000e0000000,0x00000000e1bda518,0x00000000e3000000)
  from space 4096K, 99% used [0x00000000e3400000,0x00000000e37f93f8,0x00000000e3800000)
  to   space 4096K, 0% used [0x00000000e3000000,0x00000000e3000000,0x00000000e3400000)
 ParOldGen       total 65536K, used 427K [0x00000000a0000000, 0x00000000a4000000, 0x00000000e0000000)
  object space 65536K, 0% used [0x00000000a0000000,0x00000000a006aea0,0x00000000a4000000)
 PSPermGen       total 21504K, used 12142K [0x000000009ae00000, 0x000000009c300000, 0x00000000a0000000)
  object space 21504K, 56% used [0x000000009ae00000,0x000000009b9dba90,0x000000009c300000)

Card table byte_map: [0x0000000005530000,0x0000000005860000] byte_map_base: 0x0000000005059000

Polling page: 0x0000000000240000

Code Cache  [0x0000000002530000, 0x00000000027a0000, 0x0000000005530000)
 total_blobs=464 nmethods=190 adapters=227 free_code_cache=48201Kb largest_free_block=49303808

Compilation events (10 events):
Event: 28.302 Thread 0x000000000990e800 nmethod 188 0x000000000260ad50 code [0x000000000260ae80, 0x000000000260aed8]
Event: 28.303 Thread 0x0000000009911000 nmethod 187 0x000000000260a990 code [0x000000000260aae0, 0x000000000260ac18]
Event: 28.425 Thread 0x000000000990e800  189             java.util.regex.Pattern$Curly::match0 (174 bytes)
Event: 28.431 Thread 0x000000000990e800 nmethod 189 0x0000000002616ed0 code [0x0000000002617060, 0x00000000026173c8]
Event: 28.683 Thread 0x0000000009911000  190             java.util.Hashtable::hash (10 bytes)
Event: 28.684 Thread 0x0000000009911000 nmethod 190 0x0000000002616c10 code [0x0000000002616d60, 0x0000000002616e18]
Event: 28.685 Thread 0x000000000990e800  191             java.util.regex.Pattern$CharProperty::match (56 bytes)
Event: 28.693 Thread 0x000000000990e800 nmethod 191 0x000000000260be10 code [0x000000000260bfe0, 0x000000000260c6e0]
Event: 29.475 Thread 0x0000000009911000  192             java.util.regex.Pattern::compile (406 bytes)
Event: 29.814 Thread 0x000000000990e800  193             java.util.regex.Pattern::RemoveQEQuoting (285 bytes)

GC Heap History (4 events):
Event: 1.858 GC heap before
{Heap before GC invocations=1 (full 0):
 PSYoungGen      total 28672K, used 24576K [0x00000000e0000000, 0x00000000e2000000, 0x0000000100000000)
  eden space 24576K, 100% used [0x00000000e0000000,0x00000000e1800000,0x00000000e1800000)
  from space 4096K, 0% used [0x00000000e1c00000,0x00000000e1c00000,0x00000000e2000000)
  to   space 4096K, 0% used [0x00000000e1800000,0x00000000e1800000,0x00000000e1c00000)
 ParOldGen       total 65536K, used 0K [0x00000000a0000000, 0x00000000a4000000, 0x00000000e0000000)
  object space 65536K, 0% used [0x00000000a0000000,0x00000000a0000000,0x00000000a4000000)
 PSPermGen       total 21504K, used 6782K [0x000000009ae00000, 0x000000009c300000, 0x00000000a0000000)
  object space 21504K, 31% used [0x000000009ae00000,0x000000009b49f820,0x000000009c300000)
Event: 1.988 GC heap after
Heap after GC invocations=1 (full 0):
 PSYoungGen      total 28672K, used 3833K [0x00000000e0000000, 0x00000000e3800000, 0x0000000100000000)
  eden space 24576K, 0% used [0x00000000e0000000,0x00000000e0000000,0x00000000e1800000)
  from space 4096K, 93% used [0x00000000e1800000,0x00000000e1bbe5b0,0x00000000e1c00000)
  to   space 4096K, 0% used [0x00000000e3400000,0x00000000e3400000,0x00000000e3800000)
 ParOldGen       total 65536K, used 0K [0x00000000a0000000, 0x00000000a4000000, 0x00000000e0000000)
  object space 65536K, 0% used [0x00000000a0000000,0x00000000a0000000,0x00000000a4000000)
 PSPermGen       total 21504K, used 6782K [0x000000009ae00000, 0x000000009c300000, 0x00000000a0000000)
  object space 21504K, 31% used [0x000000009ae00000,0x000000009b49f820,0x000000009c300000)
}
Event: 4.064 GC heap before
{Heap before GC invocations=2 (full 0):
 PSYoungGen      total 28672K, used 28409K [0x00000000e0000000, 0x00000000e3800000, 0x0000000100000000)
  eden space 24576K, 100% used [0x00000000e0000000,0x00000000e1800000,0x00000000e1800000)
  from space 4096K, 93% used [0x00000000e1800000,0x00000000e1bbe5b0,0x00000000e1c00000)
  to   space 4096K, 0% used [0x00000000e3400000,0x00000000e3400000,0x00000000e3800000)
 ParOldGen       total 65536K, used 0K [0x00000000a0000000, 0x00000000a4000000, 0x00000000e0000000)
  object space 65536K, 0% used [0x00000000a0000000,0x00000000a0000000,0x00000000a4000000)
 PSPermGen       total 21504K, used 9426K [0x000000009ae00000, 0x000000009c300000, 0x00000000a0000000)
  object space 21504K, 43% used [0x000000009ae00000,0x000000009b7349c8,0x000000009c300000)
Event: 4.091 GC heap after
Heap after GC invocations=2 (full 0):
 PSYoungGen      total 53248K, used 4068K [0x00000000e0000000, 0x00000000e3800000, 0x0000000100000000)
  eden space 49152K, 0% used [0x00000000e0000000,0x00000000e0000000,0x00000000e3000000)
  from space 4096K, 99% used [0x00000000e3400000,0x00000000e37f93f8,0x00000000e3800000)
  to   space 4096K, 0% used [0x00000000e3000000,0x00000000e3000000,0x00000000e3400000)
 ParOldGen       total 65536K, used 427K [0x00000000a0000000, 0x00000000a4000000, 0x00000000e0000000)
  object space 65536K, 0% used [0x00000000a0000000,0x00000000a006aea0,0x00000000a4000000)
 PSPermGen       total 21504K, used 9426K [0x000000009ae00000, 0x000000009c300000, 0x00000000a0000000)
  object space 21504K, 43% used [0x000000009ae00000,0x000000009b7349c8,0x000000009c300000)
}

Deoptimization events (10 events):
Event: 7.448 Thread 0x000000000228e000 Uncommon trap: reason=unloaded action=reinterpret pc=0x0000000002599030 method=java.lang.CharacterData.of(I)Ljava/lang/CharacterData; @ 96
Event: 7.791 Thread 0x000000000228e000 Uncommon trap: reason=class_check action=maybe_recompile pc=0x00000000025d3d88 method=java.util.Properties$LineReader.readLine()I @ 62
Event: 7.791 Thread 0x000000000228e000 Uncommon trap: reason=class_check action=maybe_recompile pc=0x00000000025d3d88 method=java.util.Properties$LineReader.readLine()I @ 62
Event: 17.330 Thread 0x000000000228e000 Uncommon trap: reason=class_check action=maybe_recompile pc=0x00000000025d3d88 method=java.util.Properties$LineReader.readLine()I @ 62
Event: 17.330 Thread 0x000000000228e000 Uncommon trap: reason=class_check action=maybe_recompile pc=0x00000000025d3d88 method=java.util.Properties$LineReader.readLine()I @ 62
Event: 20.183 Thread 0x000000000228e000 Uncommon trap: reason=unreached action=reinterpret pc=0x000000000259f574 method=java.util.HashMap.get(Ljava/lang/Object;)Ljava/lang/Object; @ 1
Event: 23.906 Thread 0x000000000228e000 Uncommon trap: reason=null_check action=make_not_entrant pc=0x00000000025e7730 method=org.apache.maven.model.io.xpp3.MavenXpp3Reader.checkFieldWithDuplicate(Lorg/codehaus/plexus/util/xml/pull/XmlPullParser;Ljava/lang/String;Ljava/lang/String;Ljava/util/Sethz˜qð9@
Event: 25.938 Thread 0x000000000228e000 Uncommon trap: reason=null_check action=make_not_entrant pc=0x00000000025ed638 method=org.apache.maven.model.interpolation.StringSearchModelInterpolator$InterpolateObjectAction.interpolateCollectionField(Ljava/lang/Object;Ljava/lang/reflect/Field;)V @ 5
Event: 26.085 Thread 0x000000000228e000 Uncommon trap: reason=null_check action=make_not_entrant pc=0x00000000025f5d68 method=org.apache.maven.model.interpolation.StringSearchModelInterpolator$InterpolateObjectAction.interpolateMapField(Ljava/lang/Object;Ljava/lang/reflect/Field;)V @ 5
Event: 26.128 Thread 0x000000000228e000 Uncommon trap: reason=null_check action=make_not_entrant pc=0x00000000025fa9d4 method=org.apache.maven.model.interpolation.StringSearchModelInterpolator$InterpolateObjectAction.interpolateMapField(Ljava/lang/Object;Ljava/lang/reflect/Field;)V @ 5

Internal exceptions (10 events):
Event: 26.088 Thread 0x000000000228e000 Threw 0x00000000e157c8a8 at C:\re\jdk7u45\229\hotspot\src\share\vm\prims\jvm.cpp:1244
Event: 26.089 Thread 0x000000000228e000 Threw 0x00000000e1581b90 at C:\re\jdk7u45\229\hotspot\src\share\vm\prims\jvm.cpp:1244
Event: 26.089 Thread 0x000000000228e000 Threw 0x00000000e15822d0 at C:\re\jdk7u45\229\hotspot\src\share\vm\prims\jvm.cpp:1244
Event: 26.089 Thread 0x000000000228e000 Threw 0x00000000e15852e0 at C:\re\jdk7u45\229\hotspot\src\share\vm\prims\jvm.cpp:1244
Event: 26.089 Thread 0x000000000228e000 Threw 0x00000000e1585a10 at C:\re\jdk7u45\229\hotspot\src\share\vm\prims\jvm.cpp:1244
Event: 26.128 Thread 0x000000000228e000 Implicit null exception at 0x00000000025f85d9 to 0x00000000025fa9b5
Event: 26.209 Thread 0x000000000228e000 Threw 0x00000000e17aaa78 at C:\re\jdk7u45\229\hotspot\src\share\vm\prims\jvm.cpp:1244
Event: 26.209 Thread 0x000000000228e000 Threw 0x00000000e17ab188 at C:\re\jdk7u45\229\hotspot\src\share\vm\prims\jvm.cpp:1244
Event: 29.819 Thread 0x000000000228e000 Threw 0x00000000e1b1bab0 at C:\re\jdk7u45\229\hotspot\src\share\vm\prims\jvm.cpp:1244
Event: 29.819 Thread 0x000000000228e000 Threw 0x00000000e1b1c1c0 at C:\re\jdk7u45\229\hotspot\src\share\vm\prims\jvm.cpp:1244

Events (10 events):
Event: 26.128 Thread 0x000000000228e000 Uncommon trap: trap_request=0xfffffff4 fr.pc=0x00000000025fa9d4
Event: 26.128 Executing VM operation: RevokeBias
Event: 26.128 Executing VM operation: RevokeBias done
Event: 26.128 Thread 0x000000000228e000 DEOPT PACKING pc=0x00000000025fa9d4 sp=0x000000000252ce70
Event: 26.128 Thread 0x000000000228e000 DEOPT UNPACKING pc=0x0000000002569064 sp=0x000000000252cd38 mode 2
Event: 26.208 loading class 0x000000000bd3d420
Event: 26.208 loading class 0x000000000bd3d420 done
Event: 28.684 Thread 0x0000000009911000 flushing nmethod 0x00000000025b4050
Event: 29.819 loading class 0x000000000c081620
Event: 29.819 loading class 0x000000000c081620 done


Dynamic libraries:
0x000000013fc90000 - 0x000000013fcc3000 	C:\Program Files\Java\jdk1.7.0_45\bin\java.exe
0x0000000077100000 - 0x00000000772ab000 	C:\Windows\SYSTEM32\ntdll.dll
0x0000000076fe0000 - 0x00000000770ff000 	C:\Windows\system32\kernel32.dll
0x000007fefd380000 - 0x000007fefd3eb000 	C:\Windows\system32\KERNELBASE.dll
0x000007feff330000 - 0x000007feff40b000 	C:\Windows\system32\ADVAPI32.dll
0x000007fefdba0000 - 0x000007fefdc3f000 	C:\Windows\system32\msvcrt.dll
0x000007fefef60000 - 0x000007fefef7f000 	C:\Windows\SYSTEM32\sechost.dll
0x000007fefebb0000 - 0x000007fefecde000 	C:\Windows\system32\RPCRT4.dll
0x0000000076ee0000 - 0x0000000076fda000 	C:\Windows\system32\USER32.dll
0x000007fefeec0000 - 0x000007fefef27000 	C:\Windows\system32\GDI32.dll
0x000007fefd8c0000 - 0x000007fefd8ce000 	C:\Windows\system32\LPK.dll
0x000007fefeae0000 - 0x000007fefebaa000 	C:\Windows\system32\USP10.dll
0x000007fefb8b0000 - 0x000007fefbaa4000 	C:\Windows\WinSxS\amd64_microsoft.windows.common-controls_6595b64144ccf1df_6.0.7600.16385_none_fa645303170382f6\COMCTL32.dll
0x000007fefd970000 - 0x000007fefd9e1000 	C:\Windows\system32\SHLWAPI.dll
0x000007fefef30000 - 0x000007fefef5e000 	C:\Windows\system32\IMM32.DLL
0x000007fefdc40000 - 0x000007fefdd49000 	C:\Windows\system32\MSCTF.dll
0x00000000633a0000 - 0x0000000063472000 	C:\Program Files\Java\jdk1.7.0_45\jre\bin\msvcr100.dll
0x0000000060690000 - 0x0000000060e59000 	C:\Program Files\Java\jdk1.7.0_45\jre\bin\server\jvm.dll
0x000007fef9b10000 - 0x000007fef9b19000 	C:\Windows\system32\WSOCK32.dll
0x000007fefd920000 - 0x000007fefd96d000 	C:\Windows\system32\WS2_32.dll
0x000007fefef80000 - 0x000007fefef88000 	C:\Windows\system32\NSI.dll
0x000007fefb0c0000 - 0x000007fefb0fb000 	C:\Windows\system32\WINMM.dll
0x00000000772d0000 - 0x00000000772d7000 	C:\Windows\system32\PSAPI.DLL
0x000000006f640000 - 0x000000006f64f000 	C:\Program Files\Java\jdk1.7.0_45\jre\bin\verify.dll
0x00000000634f0000 - 0x0000000063518000 	C:\Program Files\Java\jdk1.7.0_45\jre\bin\java.dll
0x00000000634d0000 - 0x00000000634e5000 	C:\Program Files\Java\jdk1.7.0_45\jre\bin\zip.dll
0x00000000635a0000 - 0x00000000635b9000 	C:\Program Files\Java\jdk1.7.0_45\jre\bin\net.dll
0x000007fefc8d0000 - 0x000007fefc924000 	C:\Windows\system32\mswsock.dll
0x000007fefc8c0000 - 0x000007fefc8c7000 	C:\Windows\System32\wship6.dll
0x00000000634b0000 - 0x00000000634c1000 	C:\Program Files\Java\jdk1.7.0_45\jre\bin\nio.dll
0x000007fefcf30000 - 0x000007fefcf87000 	C:\Windows\system32\apphelp.dll

VM Arguments:
jvm_args: -Dclassworlds.conf=C:\Program Files (x86)\NetBeans 8.0.2\java\maven\bin\m2.conf -Dmaven.home=C:\Program Files (x86)\NetBeans 8.0.2\java\maven 
java_command: org.codehaus.plexus.classworlds.launcher.Launcher -Dnetbeans.deploy=true -Dmaven.ext.class.path=C:\Program Files (x86)\NetBeans 8.0.2\java\maven-nblib\netbeans-eventspy.jar -Dfile.encoding=UTF-8 package
Launcher Type: SUN_STANDARD

Environment Variables:
JAVA_HOME=C:\Program Files\Java\jdk1.7.0_45
PATH=C:\ProgramData\Oracle\Java\javapath;ommonfiles\instantclient-basic-windows.x64-12.1.0.1.0;D:\oracle\product\10.2.0\db_2\bin;D:\oracle\product\10.2.0\client_2;C:\Program Files\Common Files\Microsoft Shared\Windows Live;C:\Windows\system32;C:\Windows;C:\Windows\System32\Wbem;C:\Windows\System32\WindowsPowerShell\v1.0\;G:\INST\ARHIV\ARC\;C:\Program Files\Common Files\Microsoft Shared\Windows Live;C:\Program Files (x86)\Skype\Phone\;C:\Program Files\Common Files\Microsoft Shared\Windows Live
USERNAME=Àäìèíèñòðàòîð
OS=Windows_NT
PROCESSOR_IDENTIFIER=AMD64 Family 16 Model 2 Stepping 3, AuthenticAMD



---------------  S Y S T E M  ---------------

OS: Windows 7 , 64 bit Build 7600 

CPU:total 4 (4 cores per cpu, 1 threads per core) family 16 model 2 stepping 3, cmov, cx8, fxsr, mmx, sse, sse2, sse3, popcnt, mmxext, 3dnowpref, lzcnt, sse4a, tsc, tscinvbit, tscinv

Memory: 4k page, physical 6289912k(913508k free), swap 15142384k(24112k free)

vm_info: Java HotSpot(TM) 64-Bit Server VM (24.45-b08) for windows-amd64 JRE (1.7.0_45-b18), built on Oct  8 2013 05:47:22 by "java_re" with unknown MS VC++:1600

time: Fri Mar 04 13:56:31 2016
elapsed time: 30 seconds

