#
# There is insufficient memory for the Java Runtime Environment to continue.
# Native memory allocation (malloc) failed to allocate 32784 bytes for Chunk::new
# Possible reasons:
#   The system is out of physical RAM or swap space
#   In 32 bit mode, the process size limit was hit
# Possible solutions:
#   Reduce memory load on the system
#   Increase physical memory or swap space
#   Check if swap backing store is full
#   Use 64 bit Java on a 64 bit OS
#   Decrease Java heap size (-Xmx/-Xms)
#   Decrease number of Java threads
#   Decrease Java thread stack sizes (-Xss)
#   Set larger code cache with -XX:ReservedCodeCacheSize=
# This output file may be truncated or incomplete.
#
#  Out of Memory Error (allocation.cpp:323), pid=6224, tid=12184
#
# JRE version: Java(TM) SE Runtime Environment (7.0_45-b18) (build 1.7.0_45-b18)
# Java VM: Java HotSpot(TM) 64-Bit Server VM (24.45-b08 mixed mode windows-amd64 compressed oops)
# Failed to write core dump. Minidumps are not enabled by default on client versions of Windows
#

---------------  T H R E A D  ---------------

Current thread (0x00000000097ee800):  JavaThread "C2 CompilerThread0" daemon [_thread_in_native, id=12184, stack(0x000000000ac60000,0x000000000ad60000)]

Stack: [0x000000000ac60000,0x000000000ad60000]
[error occurred during error reporting (printing stack bounds), id 0xc0000005]


[error occurred during error reporting (printing native stack), id 0xc0000005]


Current CompileTask:
C2:  35701  197             java.util.regex.Pattern::compile (406 bytes)


---------------  P R O C E S S  ---------------

Java Threads: ( => current thread )
  0x00000000097fc000 JavaThread "Service Thread" daemon [_thread_blocked, id=9356, stack(0x000000000b2f0000,0x000000000b3f0000)]
  0x00000000097f1000 JavaThread "C2 CompilerThread1" daemon [_thread_blocked, id=9376, stack(0x000000000b070000,0x000000000b170000)]
=>0x00000000097ee800 JavaThread "C2 CompilerThread0" daemon [_thread_in_native, id=12184, stack(0x000000000ac60000,0x000000000ad60000)]
  0x00000000097ed800 JavaThread "Attach Listener" daemon [_thread_blocked, id=11632, stack(0x000000000af00000,0x000000000b000000)]
  0x00000000097e6800 JavaThread "Signal Dispatcher" daemon [_thread_blocked, id=5128, stack(0x000000000ad70000,0x000000000ae70000)]
  0x000000000978f000 JavaThread "Finalizer" daemon [_thread_blocked, id=11588, stack(0x000000000aac0000,0x000000000abc0000)]
  0x000000000978b800 JavaThread "Reference Handler" daemon [_thread_blocked, id=11564, stack(0x000000000a890000,0x000000000a990000)]
  0x00000000022fe000 JavaThread "main" [_thread_in_native, id=10368, stack(0x00000000025c0000,0x00000000026c0000)]

Other Threads:
  0x0000000009787800 VMThread [stack: 0x000000000a720000,0x000000000a820000] [id=11560]
  0x000000000b3fc800 WatcherThread [stack: 0x000000000b170000,0x000000000b270000] [id=8920]

VM state:not at safepoint (normal execution)

VM Mutex/Monitor currently owned by a thread: None

Heap
 PSYoungGen      total 53248K, used 34442K [0x00000000e0000000, 0x00000000e3800000, 0x0000000100000000)
  eden space 49152K, 61% used [0x00000000e0000000,0x00000000e1da47c0,0x00000000e3000000)
  from space 4096K, 99% used [0x00000000e3400000,0x00000000e37fe350,0x00000000e3800000)
  to   space 4096K, 0% used [0x00000000e3000000,0x00000000e3000000,0x00000000e3400000)
 ParOldGen       total 65536K, used 381K [0x00000000a0000000, 0x00000000a4000000, 0x00000000e0000000)
  object space 65536K, 0% used [0x00000000a0000000,0x00000000a005f4c0,0x00000000a4000000)
 PSPermGen       total 21504K, used 12149K [0x000000009ae00000, 0x000000009c300000, 0x00000000a0000000)
  object space 21504K, 56% used [0x000000009ae00000,0x000000009b9dd508,0x000000009c300000)

Card table byte_map: [0x00000000056c0000,0x00000000059f0000] byte_map_base: 0x00000000051e9000

Polling page: 0x0000000000230000

Code Cache  [0x00000000026c0000, 0x0000000002930000, 0x00000000056c0000)
 total_blobs=474 nmethods=200 adapters=227 free_code_cache=48198Kb largest_free_block=49330880

Compilation events (10 events):
Event: 31.835 Thread 0x00000000097ee800 nmethod 193 0x0000000002750a10 code [0x0000000002750b60, 0x0000000002750e58]
Event: 31.836 Thread 0x00000000097f1000 nmethod 192 0x0000000002754110 code [0x00000000027542a0, 0x0000000002754608]
Event: 32.097 Thread 0x00000000097ee800  194             java.util.Hashtable::hash (10 bytes)
Event: 32.097 Thread 0x00000000097f1000  195             java.util.regex.Pattern$CharProperty::match (56 bytes)
Event: 32.098 Thread 0x00000000097ee800 nmethod 194 0x0000000002754910 code [0x0000000002754a60, 0x0000000002754b18]
Event: 32.102 Thread 0x00000000097ee800  196             java.util.regex.Pattern::peek (26 bytes)
Event: 32.103 Thread 0x00000000097ee800 nmethod 196 0x00000000027294d0 code [0x0000000002729620, 0x00000000027296e8]
Event: 32.105 Thread 0x00000000097f1000 nmethod 195 0x000000000275c5d0 code [0x000000000275c7a0, 0x000000000275cea0]
Event: 32.886 Thread 0x00000000097ee800  197             java.util.regex.Pattern::compile (406 bytes)
Event: 33.205 Thread 0x00000000097f1000  198             java.lang.StringBuilder::<init> (7 bytes)

GC Heap History (4 events):
Event: 1.482 GC heap before
{Heap before GC invocations=1 (full 0):
 PSYoungGen      total 28672K, used 24576K [0x00000000e0000000, 0x00000000e2000000, 0x0000000100000000)
  eden space 24576K, 100% used [0x00000000e0000000,0x00000000e1800000,0x00000000e1800000)
  from space 4096K, 0% used [0x00000000e1c00000,0x00000000e1c00000,0x00000000e2000000)
  to   space 4096K, 0% used [0x00000000e1800000,0x00000000e1800000,0x00000000e1c00000)
 ParOldGen       total 65536K, used 0K [0x00000000a0000000, 0x00000000a4000000, 0x00000000e0000000)
  object space 65536K, 0% used [0x00000000a0000000,0x00000000a0000000,0x00000000a4000000)
 PSPermGen       total 21504K, used 6782K [0x000000009ae00000, 0x000000009c300000, 0x00000000a0000000)
  object space 21504K, 31% used [0x000000009ae00000,0x000000009b49f800,0x000000009c300000)
Event: 1.610 GC heap after
Heap after GC invocations=1 (full 0):
 PSYoungGen      total 28672K, used 3817K [0x00000000e0000000, 0x00000000e3800000, 0x0000000100000000)
  eden space 24576K, 0% used [0x00000000e0000000,0x00000000e0000000,0x00000000e1800000)
  from space 4096K, 93% used [0x00000000e1800000,0x00000000e1bba5e0,0x00000000e1c00000)
  to   space 4096K, 0% used [0x00000000e3400000,0x00000000e3400000,0x00000000e3800000)
 ParOldGen       total 65536K, used 8K [0x00000000a0000000, 0x00000000a4000000, 0x00000000e0000000)
  object space 65536K, 0% used [0x00000000a0000000,0x00000000a0002000,0x00000000a4000000)
 PSPermGen       total 21504K, used 6782K [0x000000009ae00000, 0x000000009c300000, 0x00000000a0000000)
  object space 21504K, 31% used [0x000000009ae00000,0x000000009b49f800,0x000000009c300000)
}
Event: 3.189 GC heap before
{Heap before GC invocations=2 (full 0):
 PSYoungGen      total 28672K, used 28393K [0x00000000e0000000, 0x00000000e3800000, 0x0000000100000000)
  eden space 24576K, 100% used [0x00000000e0000000,0x00000000e1800000,0x00000000e1800000)
  from space 4096K, 93% used [0x00000000e1800000,0x00000000e1bba5e0,0x00000000e1c00000)
  to   space 4096K, 0% used [0x00000000e3400000,0x00000000e3400000,0x00000000e3800000)
 ParOldGen       total 65536K, used 8K [0x00000000a0000000, 0x00000000a4000000, 0x00000000e0000000)
  object space 65536K, 0% used [0x00000000a0000000,0x00000000a0002000,0x00000000a4000000)
 PSPermGen       total 21504K, used 9423K [0x000000009ae00000, 0x000000009c300000, 0x00000000a0000000)
  object space 21504K, 43% used [0x000000009ae00000,0x000000009b733cd0,0x000000009c300000)
Event: 3.255 GC heap after
Heap after GC invocations=2 (full 0):
 PSYoungGen      total 53248K, used 4088K [0x00000000e0000000, 0x00000000e3800000, 0x0000000100000000)
  eden space 49152K, 0% used [0x00000000e0000000,0x00000000e0000000,0x00000000e3000000)
  from space 4096K, 99% used [0x00000000e3400000,0x00000000e37fe350,0x00000000e3800000)
  to   space 4096K, 0% used [0x00000000e3000000,0x00000000e3000000,0x00000000e3400000)
 ParOldGen       total 65536K, used 381K [0x00000000a0000000, 0x00000000a4000000, 0x00000000e0000000)
  object space 65536K, 0% used [0x00000000a0000000,0x00000000a005f4c0,0x00000000a4000000)
 PSPermGen       total 21504K, used 9423K [0x000000009ae00000, 0x000000009c300000, 0x00000000a0000000)
  object space 21504K, 43% used [0x000000009ae00000,0x000000009b733cd0,0x000000009c300000)
}

Deoptimization events (10 events):
Event: 10.683 Thread 0x00000000022fe000 Uncommon trap: reason=unloaded action=reinterpret pc=0x000000000272c130 method=java.lang.CharacterData.of(I)Ljava/lang/CharacterData; @ 96
Event: 11.081 Thread 0x00000000022fe000 Uncommon trap: reason=class_check action=maybe_recompile pc=0x0000000002767308 method=java.util.Properties$LineReader.readLine()I @ 62
Event: 11.081 Thread 0x00000000022fe000 Uncommon trap: reason=class_check action=maybe_recompile pc=0x0000000002767308 method=java.util.Properties$LineReader.readLine()I @ 62
Event: 20.677 Thread 0x00000000022fe000 Uncommon trap: reason=class_check action=maybe_recompile pc=0x0000000002767308 method=java.util.Properties$LineReader.readLine()I @ 62
Event: 20.677 Thread 0x00000000022fe000 Uncommon trap: reason=class_check action=maybe_recompile pc=0x0000000002767308 method=java.util.Properties$LineReader.readLine()I @ 62
Event: 23.070 Thread 0x00000000022fe000 Uncommon trap: reason=unreached action=reinterpret pc=0x000000000275d934 method=java.util.HashMap.get(Ljava/lang/Object;)Ljava/lang/Object; @ 1
Event: 27.289 Thread 0x00000000022fe000 Uncommon trap: reason=null_check action=make_not_entrant pc=0x000000000277e31c method=org.apache.maven.model.io.xpp3.MavenXpp3Reader.checkFieldWithDuplicate(Lorg/codehaus/plexus/util/xml/pull/XmlPullParser;Ljava/lang/String;Ljava/lang/String;Ljava/util/SetEd«9¸(<@
Event: 28.159 Thread 0x00000000022fe000 Uncommon trap: reason=null_check action=make_not_entrant pc=0x00000000027824d0 method=org.apache.maven.model.interpolation.StringSearchModelInterpolator$InterpolateObjectAction.interpolateCollectionField(Ljava/lang/Object;Ljava/lang/reflect/Field;)V @ 5
Event: 28.395 Thread 0x00000000022fe000 Uncommon trap: reason=null_check action=make_not_entrant pc=0x000000000278f9ec method=org.apache.maven.model.interpolation.StringSearchModelInterpolator$InterpolateObjectAction.interpolateMapField(Ljava/lang/Object;Ljava/lang/reflect/Field;)V @ 5
Event: 28.396 Thread 0x00000000022fe000 Uncommon trap: reason=null_check action=make_not_entrant pc=0x000000000278ad28 method=org.apache.maven.model.interpolation.StringSearchModelInterpolator$InterpolateObjectAction.interpolateMapField(Ljava/lang/Object;Ljava/lang/reflect/Field;)V @ 5

Internal exceptions (10 events):
Event: 28.475 Thread 0x00000000022fe000 Threw 0x00000000e15961f0 at C:\re\jdk7u45\229\hotspot\src\share\vm\prims\jvm.cpp:1244
Event: 28.475 Thread 0x00000000022fe000 Threw 0x00000000e1596950 at C:\re\jdk7u45\229\hotspot\src\share\vm\prims\jvm.cpp:1244
Event: 28.476 Thread 0x00000000022fe000 Threw 0x00000000e159bc38 at C:\re\jdk7u45\229\hotspot\src\share\vm\prims\jvm.cpp:1244
Event: 28.476 Thread 0x00000000022fe000 Threw 0x00000000e159c378 at C:\re\jdk7u45\229\hotspot\src\share\vm\prims\jvm.cpp:1244
Event: 28.477 Thread 0x00000000022fe000 Threw 0x00000000e159f388 at C:\re\jdk7u45\229\hotspot\src\share\vm\prims\jvm.cpp:1244
Event: 28.477 Thread 0x00000000022fe000 Threw 0x00000000e159fab8 at C:\re\jdk7u45\229\hotspot\src\share\vm\prims\jvm.cpp:1244
Event: 29.487 Thread 0x00000000022fe000 Threw 0x00000000e17c6bc0 at C:\re\jdk7u45\229\hotspot\src\share\vm\prims\jvm.cpp:1244
Event: 29.487 Thread 0x00000000022fe000 Threw 0x00000000e17c72d0 at C:\re\jdk7u45\229\hotspot\src\share\vm\prims\jvm.cpp:1244
Event: 33.211 Thread 0x00000000022fe000 Threw 0x00000000e1b3bd10 at C:\re\jdk7u45\229\hotspot\src\share\vm\prims\jvm.cpp:1244
Event: 33.211 Thread 0x00000000022fe000 Threw 0x00000000e1b3c420 at C:\re\jdk7u45\229\hotspot\src\share\vm\prims\jvm.cpp:1244

Events (10 events):
Event: 29.519 Thread 0x00000000097ee800 flushing nmethod 0x00000000027294d0
Event: 29.526 Thread 0x00000000097ee800 flushing nmethod 0x000000000272bf50
Event: 29.558 Thread 0x00000000097f1000 flushing nmethod 0x0000000002734a10
Event: 31.704 Thread 0x00000000097f1000 flushing nmethod 0x0000000002750a10
Event: 31.704 Thread 0x00000000097f1000 flushing nmethod 0x0000000002750e10
Event: 31.704 Thread 0x00000000097f1000 flushing nmethod 0x0000000002754110
Event: 31.706 Thread 0x00000000097f1000 flushing nmethod 0x000000000275c450
Event: 31.707 Thread 0x00000000097ee800 flushing nmethod 0x0000000002765910
Event: 33.211 loading class 0x000000000b66fc40
Event: 33.211 loading class 0x000000000b66fc40 done


Dynamic libraries:
0x000000013fc90000 - 0x000000013fcc3000 	C:\Program Files\Java\jdk1.7.0_45\bin\java.exe
0x0000000077100000 - 0x00000000772ab000 	C:\Windows\SYSTEM32\ntdll.dll
0x0000000076fe0000 - 0x00000000770ff000 	C:\Windows\system32\kernel32.dll
0x000007fefd380000 - 0x000007fefd3eb000 	C:\Windows\system32\KERNELBASE.dll
0x000007feff330000 - 0x000007feff40b000 	C:\Windows\system32\ADVAPI32.dll
0x000007fefdba0000 - 0x000007fefdc3f000 	C:\Windows\system32\msvcrt.dll
0x000007fefef60000 - 0x000007fefef7f000 	C:\Windows\SYSTEM32\sechost.dll
0x000007fefebb0000 - 0x000007fefecde000 	C:\Windows\system32\RPCRT4.dll
0x0000000076ee0000 - 0x0000000076fda000 	C:\Windows\system32\USER32.dll
0x000007fefeec0000 - 0x000007fefef27000 	C:\Windows\system32\GDI32.dll
0x000007fefd8c0000 - 0x000007fefd8ce000 	C:\Windows\system32\LPK.dll
0x000007fefeae0000 - 0x000007fefebaa000 	C:\Windows\system32\USP10.dll
0x000007fefb8b0000 - 0x000007fefbaa4000 	C:\Windows\WinSxS\amd64_microsoft.windows.common-controls_6595b64144ccf1df_6.0.7600.16385_none_fa645303170382f6\COMCTL32.dll
0x000007fefd970000 - 0x000007fefd9e1000 	C:\Windows\system32\SHLWAPI.dll
0x000007fefef30000 - 0x000007fefef5e000 	C:\Windows\system32\IMM32.DLL
0x000007fefdc40000 - 0x000007fefdd49000 	C:\Windows\system32\MSCTF.dll
0x00000000633a0000 - 0x0000000063472000 	C:\Program Files\Java\jdk1.7.0_45\jre\bin\msvcr100.dll
0x0000000060690000 - 0x0000000060e59000 	C:\Program Files\Java\jdk1.7.0_45\jre\bin\server\jvm.dll
0x000007fef9b10000 - 0x000007fef9b19000 	C:\Windows\system32\WSOCK32.dll
0x000007fefd920000 - 0x000007fefd96d000 	C:\Windows\system32\WS2_32.dll
0x000007fefef80000 - 0x000007fefef88000 	C:\Windows\system32\NSI.dll
0x000007fefb0c0000 - 0x000007fefb0fb000 	C:\Windows\system32\WINMM.dll
0x00000000772d0000 - 0x00000000772d7000 	C:\Windows\system32\PSAPI.DLL
0x000000006f640000 - 0x000000006f64f000 	C:\Program Files\Java\jdk1.7.0_45\jre\bin\verify.dll
0x00000000634f0000 - 0x0000000063518000 	C:\Program Files\Java\jdk1.7.0_45\jre\bin\java.dll
0x00000000634d0000 - 0x00000000634e5000 	C:\Program Files\Java\jdk1.7.0_45\jre\bin\zip.dll
0x00000000635a0000 - 0x00000000635b9000 	C:\Program Files\Java\jdk1.7.0_45\jre\bin\net.dll
0x000007fefc8d0000 - 0x000007fefc924000 	C:\Windows\system32\mswsock.dll
0x000007fefc8c0000 - 0x000007fefc8c7000 	C:\Windows\System32\wship6.dll
0x00000000634b0000 - 0x00000000634c1000 	C:\Program Files\Java\jdk1.7.0_45\jre\bin\nio.dll
0x000007fefcf30000 - 0x000007fefcf87000 	C:\Windows\system32\apphelp.dll

VM Arguments:
jvm_args: -Dclassworlds.conf=C:\Program Files (x86)\NetBeans 8.0.2\java\maven\bin\m2.conf -Dmaven.home=C:\Program Files (x86)\NetBeans 8.0.2\java\maven 
java_command: org.codehaus.plexus.classworlds.launcher.Launcher -Dnetbeans.deploy=true -Dmaven.ext.class.path=C:\Program Files (x86)\NetBeans 8.0.2\java\maven-nblib\netbeans-eventspy.jar -Dfile.encoding=UTF-8 package
Launcher Type: SUN_STANDARD

Environment Variables:
JAVA_HOME=C:\Program Files\Java\jdk1.7.0_45
PATH=C:\ProgramData\Oracle\Java\javapath;ommonfiles\instantclient-basic-windows.x64-12.1.0.1.0;D:\oracle\product\10.2.0\db_2\bin;D:\oracle\product\10.2.0\client_2;C:\Program Files\Common Files\Microsoft Shared\Windows Live;C:\Windows\system32;C:\Windows;C:\Windows\System32\Wbem;C:\Windows\System32\WindowsPowerShell\v1.0\;G:\INST\ARHIV\ARC\;C:\Program Files\Common Files\Microsoft Shared\Windows Live;C:\Program Files (x86)\Skype\Phone\;C:\Program Files\Common Files\Microsoft Shared\Windows Live
USERNAME=Àäìèíèñòðàòîð
OS=Windows_NT
PROCESSOR_IDENTIFIER=AMD64 Family 16 Model 2 Stepping 3, AuthenticAMD



---------------  S Y S T E M  ---------------

OS: Windows 7 , 64 bit Build 7600 

CPU:total 4 (4 cores per cpu, 1 threads per core) family 16 model 2 stepping 3, cmov, cx8, fxsr, mmx, sse, sse2, sse3, popcnt, mmxext, 3dnowpref, lzcnt, sse4a, tsc, tscinvbit, tscinv

Memory: 4k page, physical 6289912k(931664k free), swap 15142384k(221476k free)

vm_info: Java HotSpot(TM) 64-Bit Server VM (24.45-b08) for windows-amd64 JRE (1.7.0_45-b18), built on Oct  8 2013 05:47:22 by "java_re" with unknown MS VC++:1600

time: Fri Mar 04 13:56:33 2016
elapsed time: 35 seconds

