#
# There is insufficient memory for the Java Runtime Environment to continue.
# Native memory allocation (malloc) failed to allocate 32744 bytes for ChunkPool::allocate
# Possible reasons:
#   The system is out of physical RAM or swap space
#   In 32 bit mode, the process size limit was hit
# Possible solutions:
#   Reduce memory load on the system
#   Increase physical memory or swap space
#   Check if swap backing store is full
#   Use 64 bit Java on a 64 bit OS
#   Decrease Java heap size (-Xmx/-Xms)
#   Decrease number of Java threads
#   Decrease Java thread stack sizes (-Xss)
#   Set larger code cache with -XX:ReservedCodeCacheSize=
# This output file may be truncated or incomplete.
#
#  Out of Memory Error (allocation.cpp:211), pid=10984, tid=10852
#
# JRE version: Java(TM) SE Runtime Environment (7.0_45-b18) (build 1.7.0_45-b18)
# Java VM: Java HotSpot(TM) 64-Bit Server VM (24.45-b08 mixed mode windows-amd64 compressed oops)
# Failed to write core dump. Minidumps are not enabled by default on client versions of Windows
#

---------------  T H R E A D  ---------------

Current thread (0x0000000009781000):  JavaThread "C2 CompilerThread1" daemon [_thread_in_native, id=10852, stack(0x000000000af70000,0x000000000b070000)]

Stack: [0x000000000af70000,0x000000000b070000]

Current CompileTask:
C2:  47971  417             java.io.Win32FileSystem::parentOrNull (171 bytes)


---------------  P R O C E S S  ---------------

Java Threads: ( => current thread )
  0x000000000ce41000 JavaThread "resolver-4" daemon [_thread_blocked, id=6356, stack(0x000000000d6c0000,0x000000000d7c0000)]
  0x000000000c7d0000 JavaThread "resolver-3" daemon [_thread_blocked, id=10556, stack(0x000000000d5c0000,0x000000000d6c0000)]
  0x000000000c253800 JavaThread "resolver-2" daemon [_thread_blocked, id=9500, stack(0x000000000b090000,0x000000000b190000)]
  0x000000000c28a800 JavaThread "resolver-1" daemon [_thread_blocked, id=11608, stack(0x000000000bc20000,0x000000000bd20000)]
  0x000000000978f800 JavaThread "Service Thread" daemon [_thread_blocked, id=8400, stack(0x000000000b1a0000,0x000000000b2a0000)]
=>0x0000000009781000 JavaThread "C2 CompilerThread1" daemon [_thread_in_native, id=10852, stack(0x000000000af70000,0x000000000b070000)]
  0x000000000977f000 JavaThread "C2 CompilerThread0" daemon [_thread_blocked, id=9532, stack(0x000000000ae20000,0x000000000af20000)]
  0x000000000977d800 JavaThread "Attach Listener" daemon [_thread_blocked, id=11500, stack(0x000000000ac00000,0x000000000ad00000)]
  0x0000000009776800 JavaThread "Signal Dispatcher" daemon [_thread_blocked, id=11480, stack(0x000000000ad20000,0x000000000ae20000)]
  0x000000000971f000 JavaThread "Finalizer" daemon [_thread_blocked, id=11744, stack(0x000000000ab00000,0x000000000ac00000)]
  0x000000000971b800 JavaThread "Reference Handler" daemon [_thread_blocked, id=11740, stack(0x000000000a960000,0x000000000aa60000)]
  0x00000000000fe000 JavaThread "main" [_thread_in_native, id=11144, stack(0x00000000023a0000,0x00000000024a0000)]

Other Threads:
  0x0000000009717800 VMThread [stack: 0x000000000a7a0000,0x000000000a8a0000] [id=8304]
  0x000000000979a000 WatcherThread [stack: 0x000000000b410000,0x000000000b510000] [id=11492]

VM state:not at safepoint (normal execution)

VM Mutex/Monitor currently owned by a thread: None

Heap
 PSYoungGen      total 102400K, used 36514K [0x00000000e0000000, 0x00000000e6800000, 0x0000000100000000)
  eden space 98304K, 32% used [0x00000000e0000000,0x00000000e1fa8a00,0x00000000e6000000)
  from space 4096K, 100% used [0x00000000e6400000,0x00000000e6800000,0x00000000e6800000)
  to   space 4096K, 0% used [0x00000000e6000000,0x00000000e6000000,0x00000000e6400000)
 ParOldGen       total 65536K, used 6373K [0x00000000a0000000, 0x00000000a4000000, 0x00000000e0000000)
  object space 65536K, 9% used [0x00000000a0000000,0x00000000a06395f0,0x00000000a4000000)
 PSPermGen       total 21504K, used 15770K [0x000000009ae00000, 0x000000009c300000, 0x00000000a0000000)
  object space 21504K, 73% used [0x000000009ae00000,0x000000009bd66b50,0x000000009c300000)

Card table byte_map: [0x00000000054a0000,0x00000000057d0000] byte_map_base: 0x0000000004fc9000

Polling page: 0x0000000000340000

Code Cache  [0x00000000024a0000, 0x0000000002710000, 0x00000000054a0000)
 total_blobs=693 nmethods=399 adapters=247 free_code_cache=47751Kb largest_free_block=48864640

Compilation events (10 events):
Event: 10.363 Thread 0x000000000977f000 nmethod 410 0x0000000002569b50 code [0x0000000002569c80, 0x0000000002569d18]
Event: 10.436 Thread 0x0000000009781000  411             sun.reflect.ClassFileAssembler::emitByte (11 bytes)
Event: 10.438 Thread 0x0000000009781000 nmethod 411 0x0000000002567f10 code [0x0000000002568060, 0x0000000002568188]
Event: 10.501 Thread 0x000000000977f000  414             java.util.regex.Pattern$BmpCharProperty::match (50 bytes)
Event: 10.506 Thread 0x000000000977f000 nmethod 414 0x000000000256ac50 code [0x000000000256adc0, 0x000000000256b1d8]
Event: 10.556 Thread 0x0000000009781000  415             org.codehaus.plexus.util.SelectorUtils::match (547 bytes)
Event: 10.596 Thread 0x0000000009781000 nmethod 415 0x00000000025f96d0 code [0x00000000025f9880, 0x00000000025fa910]
Event: 10.600 Thread 0x000000000977f000  416             org.codehaus.plexus.util.SelectorUtils::matchAntPathPattern (435 bytes)
Event: 10.621 Thread 0x000000000977f000 nmethod 416 0x0000000002568650 code [0x0000000002568800, 0x0000000002569428]
Event: 46.952 Thread 0x0000000009781000  417             java.io.Win32FileSystem::parentOrNull (171 bytes)

GC Heap History (8 events):
Event: 2.056 GC heap before
{Heap before GC invocations=1 (full 0):
 PSYoungGen      total 28672K, used 24576K [0x00000000e0000000, 0x00000000e2000000, 0x0000000100000000)
  eden space 24576K, 100% used [0x00000000e0000000,0x00000000e1800000,0x00000000e1800000)
  from space 4096K, 0% used [0x00000000e1c00000,0x00000000e1c00000,0x00000000e2000000)
  to   space 4096K, 0% used [0x00000000e1800000,0x00000000e1800000,0x00000000e1c00000)
 ParOldGen       total 65536K, used 0K [0x00000000a0000000, 0x00000000a4000000, 0x00000000e0000000)
  object space 65536K, 0% used [0x00000000a0000000,0x00000000a0000000,0x00000000a4000000)
 PSPermGen       total 21504K, used 6781K [0x000000009ae00000, 0x000000009c300000, 0x00000000a0000000)
  object space 21504K, 31% used [0x000000009ae00000,0x000000009b49f7a0,0x000000009c300000)
Event: 2.207 GC heap after
Heap after GC invocations=1 (full 0):
 PSYoungGen      total 28672K, used 3822K [0x00000000e0000000, 0x00000000e3800000, 0x0000000100000000)
  eden space 24576K, 0% used [0x00000000e0000000,0x00000000e0000000,0x00000000e1800000)
  from space 4096K, 93% used [0x00000000e1800000,0x00000000e1bbbba0,0x00000000e1c00000)
  to   space 4096K, 0% used [0x00000000e3400000,0x00000000e3400000,0x00000000e3800000)
 ParOldGen       total 65536K, used 8K [0x00000000a0000000, 0x00000000a4000000, 0x00000000e0000000)
  object space 65536K, 0% used [0x00000000a0000000,0x00000000a0002000,0x00000000a4000000)
 PSPermGen       total 21504K, used 6781K [0x000000009ae00000, 0x000000009c300000, 0x00000000a0000000)
  object space 21504K, 31% used [0x000000009ae00000,0x000000009b49f7a0,0x000000009c300000)
}
Event: 3.492 GC heap before
{Heap before GC invocations=2 (full 0):
 PSYoungGen      total 28672K, used 28398K [0x00000000e0000000, 0x00000000e3800000, 0x0000000100000000)
  eden space 24576K, 100% used [0x00000000e0000000,0x00000000e1800000,0x00000000e1800000)
  from space 4096K, 93% used [0x00000000e1800000,0x00000000e1bbbba0,0x00000000e1c00000)
  to   space 4096K, 0% used [0x00000000e3400000,0x00000000e3400000,0x00000000e3800000)
 ParOldGen       total 65536K, used 8K [0x00000000a0000000, 0x00000000a4000000, 0x00000000e0000000)
  object space 65536K, 0% used [0x00000000a0000000,0x00000000a0002000,0x00000000a4000000)
 PSPermGen       total 21504K, used 9425K [0x000000009ae00000, 0x000000009c300000, 0x00000000a0000000)
  object space 21504K, 43% used [0x000000009ae00000,0x000000009b734760,0x000000009c300000)
Event: 3.587 GC heap after
Heap after GC invocations=2 (full 0):
 PSYoungGen      total 53248K, used 4095K [0x00000000e0000000, 0x00000000e3800000, 0x0000000100000000)
  eden space 49152K, 0% used [0x00000000e0000000,0x00000000e0000000,0x00000000e3000000)
  from space 4096K, 99% used [0x00000000e3400000,0x00000000e37ffe90,0x00000000e3800000)
  to   space 4096K, 0% used [0x00000000e3000000,0x00000000e3000000,0x00000000e3400000)
 ParOldGen       total 65536K, used 404K [0x00000000a0000000, 0x00000000a4000000, 0x00000000e0000000)
  object space 65536K, 0% used [0x00000000a0000000,0x00000000a0065318,0x00000000a4000000)
 PSPermGen       total 21504K, used 9425K [0x000000009ae00000, 0x000000009c300000, 0x00000000a0000000)
  object space 21504K, 43% used [0x000000009ae00000,0x000000009b734760,0x000000009c300000)
}
Event: 7.296 GC heap before
{Heap before GC invocations=3 (full 0):
 PSYoungGen      total 53248K, used 53247K [0x00000000e0000000, 0x00000000e3800000, 0x0000000100000000)
  eden space 49152K, 100% used [0x00000000e0000000,0x00000000e3000000,0x00000000e3000000)
  from space 4096K, 99% used [0x00000000e3400000,0x00000000e37ffe90,0x00000000e3800000)
  to   space 4096K, 0% used [0x00000000e3000000,0x00000000e3000000,0x00000000e3400000)
 ParOldGen       total 65536K, used 404K [0x00000000a0000000, 0x00000000a4000000, 0x00000000e0000000)
  object space 65536K, 0% used [0x00000000a0000000,0x00000000a0065318,0x00000000a4000000)
 PSPermGen       total 21504K, used 12272K [0x000000009ae00000, 0x000000009c300000, 0x00000000a0000000)
  object space 21504K, 57% used [0x000000009ae00000,0x000000009b9fc088,0x000000009c300000)
Event: 7.350 GC heap after
Heap after GC invocations=3 (full 0):
 PSYoungGen      total 53248K, used 4096K [0x00000000e0000000, 0x00000000e6800000, 0x0000000100000000)
  eden space 49152K, 0% used [0x00000000e0000000,0x00000000e0000000,0x00000000e3000000)
  from space 4096K, 100% used [0x00000000e3000000,0x00000000e3400000,0x00000000e3400000)
  to   space 4096K, 0% used [0x00000000e6400000,0x00000000e6400000,0x00000000e6800000)
 ParOldGen       total 65536K, used 3156K [0x00000000a0000000, 0x00000000a4000000, 0x00000000e0000000)
  object space 65536K, 4% used [0x00000000a0000000,0x00000000a0315380,0x00000000a4000000)
 PSPermGen       total 21504K, used 12272K [0x000000009ae00000, 0x000000009c300000, 0x00000000a0000000)
  object space 21504K, 57% used [0x000000009ae00000,0x000000009b9fc088,0x000000009c300000)
}
Event: 9.601 GC heap before
{Heap before GC invocations=4 (full 0):
 PSYoungGen      total 53248K, used 53248K [0x00000000e0000000, 0x00000000e6800000, 0x0000000100000000)
  eden space 49152K, 100% used [0x00000000e0000000,0x00000000e3000000,0x00000000e3000000)
  from space 4096K, 100% used [0x00000000e3000000,0x00000000e3400000,0x00000000e3400000)
  to   space 4096K, 0% used [0x00000000e6400000,0x00000000e6400000,0x00000000e6800000)
 ParOldGen       total 65536K, used 3156K [0x00000000a0000000, 0x00000000a4000000, 0x00000000e0000000)
  object space 65536K, 4% used [0x00000000a0000000,0x00000000a0315380,0x00000000a4000000)
 PSPermGen       total 21504K, used 14036K [0x000000009ae00000, 0x000000009c300000, 0x00000000a0000000)
  object space 21504K, 65% used [0x000000009ae00000,0x000000009bbb5230,0x000000009c300000)
Event: 9.655 GC heap after
Heap after GC invocations=4 (full 0):
 PSYoungGen      total 102400K, used 4096K [0x00000000e0000000, 0x00000000e6800000, 0x0000000100000000)
  eden space 98304K, 0% used [0x00000000e0000000,0x00000000e0000000,0x00000000e6000000)
  from space 4096K, 100% used [0x00000000e6400000,0x00000000e6800000,0x00000000e6800000)
  to   space 4096K, 0% used [0x00000000e6000000,0x00000000e6000000,0x00000000e6400000)
 ParOldGen       total 65536K, used 6373K [0x00000000a0000000, 0x00000000a4000000, 0x00000000e0000000)
  object space 65536K, 9% used [0x00000000a0000000,0x00000000a06395f0,0x00000000a4000000)
 PSPermGen       total 21504K, used 14036K [0x000000009ae00000, 0x000000009c300000, 0x00000000a0000000)
  object space 21504K, 65% used [0x000000009ae00000,0x000000009bbb5230,0x000000009c300000)
}

Deoptimization events (10 events):
Event: 10.013 Thread 0x00000000000fe000 Uncommon trap: reason=class_check action=maybe_recompile pc=0x0000000002532eac method=java.util.regex.Pattern$CharProperty$1.isSatisfiedBy(I)Z @ 5
Event: 10.013 Thread 0x00000000000fe000 Uncommon trap: reason=class_check action=maybe_recompile pc=0x0000000002532eac method=java.util.regex.Pattern$CharProperty$1.isSatisfiedBy(I)Z @ 5
Event: 10.013 Thread 0x00000000000fe000 Uncommon trap: reason=class_check action=maybe_recompile pc=0x0000000002532eac method=java.util.regex.Pattern$CharProperty$1.isSatisfiedBy(I)Z @ 5
Event: 10.013 Thread 0x00000000000fe000 Uncommon trap: reason=unreached action=reinterpret pc=0x00000000025af8bc method=java.util.regex.Pattern.clazz(Z)Ljava/util/regex/Pattern$CharProperty; @ 361
Event: 10.013 Thread 0x00000000000fe000 Uncommon trap: reason=bimorphic action=maybe_recompile pc=0x00000000025d1280 method=java.util.regex.Pattern$BmpCharProperty.match(Ljava/util/regex/Matcher;ILjava/lang/CharSequence;)Z @ 16
Event: 10.013 Thread 0x00000000000fe000 Uncommon trap: reason=bimorphic action=maybe_recompile pc=0x00000000025d1280 method=java.util.regex.Pattern$BmpCharProperty.match(Ljava/util/regex/Matcher;ILjava/lang/CharSequence;)Z @ 16
Event: 10.013 Thread 0x00000000000fe000 Uncommon trap: reason=bimorphic action=maybe_recompile pc=0x00000000025d1280 method=java.util.regex.Pattern$BmpCharProperty.match(Ljava/util/regex/Matcher;ILjava/lang/CharSequence;)Z @ 16
Event: 10.013 Thread 0x00000000000fe000 Uncommon trap: reason=bimorphic action=maybe_recompile pc=0x00000000025d1280 method=java.util.regex.Pattern$BmpCharProperty.match(Ljava/util/regex/Matcher;ILjava/lang/CharSequence;)Z @ 16
Event: 10.280 Thread 0x00000000000fe000 Uncommon trap: reason=unreached action=reinterpret pc=0x000000000252267c method=sun.misc.URLClassPath$JarLoader.ensureOpen()V @ 4
Event: 10.441 Thread 0x00000000000fe000 Uncommon trap: reason=unreached action=reinterpret pc=0x000000000259c558 method=java.util.regex.Pattern.compile()V @ 320

Internal exceptions (10 events):
Event: 10.543 Thread 0x00000000000fe000 Threw 0x00000000e1c5ca40 at C:\re\jdk7u45\229\hotspot\src\share\vm\prims\jvm.cpp:1244
Event: 10.544 Thread 0x00000000000fe000 Threw 0x00000000e1c62108 at C:\re\jdk7u45\229\hotspot\src\share\vm\prims\jvm.cpp:1244
Event: 26.241 Thread 0x00000000000fe000 Threw 0x00000000e1d85720 at C:\re\jdk7u45\229\hotspot\src\share\vm\prims\jvm.cpp:1244
Event: 26.241 Thread 0x00000000000fe000 Threw 0x00000000e1d85f40 at C:\re\jdk7u45\229\hotspot\src\share\vm\prims\jvm.cpp:1244
Event: 26.241 Thread 0x00000000000fe000 Threw 0x00000000e1d866e8 at C:\re\jdk7u45\229\hotspot\src\share\vm\prims\jvm.cpp:1244
Event: 26.241 Thread 0x00000000000fe000 Threw 0x00000000e1d8a600 at C:\re\jdk7u45\229\hotspot\src\share\vm\prims\jvm.cpp:1244
Event: 26.241 Thread 0x00000000000fe000 Threw 0x00000000e1d8b0c0 at C:\re\jdk7u45\229\hotspot\src\share\vm\prims\jvm.cpp:1244
Event: 26.244 Thread 0x00000000000fe000 Threw 0x00000000e1d90e60 at C:\re\jdk7u45\229\hotspot\src\share\vm\prims\jvm.cpp:1244
Event: 26.248 Thread 0x00000000000fe000 Threw 0x00000000e1da8a68 at C:\re\jdk7u45\229\hotspot\src\share\vm\prims\jvm.cpp:1244
Event: 30.276 Thread 0x00000000000fe000 Threw 0x00000000e1dae208 at C:\re\jdk7u45\229\hotspot\src\share\vm\prims\jvm.cpp:1244

Events (10 events):
Event: 28.418 loading class 0x000000000c1578b0
Event: 29.115 loading class 0x000000000c1578b0 done
Event: 29.115 loading class 0x000000000c158e10
Event: 29.455 loading class 0x000000000c158e10 done
Event: 29.455 loading class 0x00000000021a4fc0
Event: 30.024 loading class 0x00000000021a4fc0 done
Event: 30.276 loading class 0x000000000b5f6c60
Event: 30.276 loading class 0x000000000b5f6c60 done
Event: 30.276 loading class 0x000000000b5f6c60
Event: 30.276 loading class 0x000000000b5f6c60 done


Dynamic libraries:
0x000000013fc90000 - 0x000000013fcc3000 	C:\Program Files\Java\jdk1.7.0_45\bin\java.exe
0x0000000077100000 - 0x00000000772ab000 	C:\Windows\SYSTEM32\ntdll.dll
0x0000000076fe0000 - 0x00000000770ff000 	C:\Windows\system32\kernel32.dll
0x000007fefd380000 - 0x000007fefd3eb000 	C:\Windows\system32\KERNELBASE.dll
0x000007feff330000 - 0x000007feff40b000 	C:\Windows\system32\ADVAPI32.dll
0x000007fefdba0000 - 0x000007fefdc3f000 	C:\Windows\system32\msvcrt.dll
0x000007fefef60000 - 0x000007fefef7f000 	C:\Windows\SYSTEM32\sechost.dll
0x000007fefebb0000 - 0x000007fefecde000 	C:\Windows\system32\RPCRT4.dll
0x0000000076ee0000 - 0x0000000076fda000 	C:\Windows\system32\USER32.dll
0x000007fefeec0000 - 0x000007fefef27000 	C:\Windows\system32\GDI32.dll
0x000007fefd8c0000 - 0x000007fefd8ce000 	C:\Windows\system32\LPK.dll
0x000007fefeae0000 - 0x000007fefebaa000 	C:\Windows\system32\USP10.dll
0x000007fefb8b0000 - 0x000007fefbaa4000 	C:\Windows\WinSxS\amd64_microsoft.windows.common-controls_6595b64144ccf1df_6.0.7600.16385_none_fa645303170382f6\COMCTL32.dll
0x000007fefd970000 - 0x000007fefd9e1000 	C:\Windows\system32\SHLWAPI.dll
0x000007fefef30000 - 0x000007fefef5e000 	C:\Windows\system32\IMM32.DLL
0x000007fefdc40000 - 0x000007fefdd49000 	C:\Windows\system32\MSCTF.dll
0x00000000633a0000 - 0x0000000063472000 	C:\Program Files\Java\jdk1.7.0_45\jre\bin\msvcr100.dll
0x0000000060690000 - 0x0000000060e59000 	C:\Program Files\Java\jdk1.7.0_45\jre\bin\server\jvm.dll
0x000007fef9b10000 - 0x000007fef9b19000 	C:\Windows\system32\WSOCK32.dll
0x000007fefd920000 - 0x000007fefd96d000 	C:\Windows\system32\WS2_32.dll
0x000007fefef80000 - 0x000007fefef88000 	C:\Windows\system32\NSI.dll
0x000007fefb0c0000 - 0x000007fefb0fb000 	C:\Windows\system32\WINMM.dll
0x00000000772d0000 - 0x00000000772d7000 	C:\Windows\system32\PSAPI.DLL
0x000000006f640000 - 0x000000006f64f000 	C:\Program Files\Java\jdk1.7.0_45\jre\bin\verify.dll
0x00000000634f0000 - 0x0000000063518000 	C:\Program Files\Java\jdk1.7.0_45\jre\bin\java.dll
0x00000000634d0000 - 0x00000000634e5000 	C:\Program Files\Java\jdk1.7.0_45\jre\bin\zip.dll
0x00000000635a0000 - 0x00000000635b9000 	C:\Program Files\Java\jdk1.7.0_45\jre\bin\net.dll
0x000007fefc8d0000 - 0x000007fefc924000 	C:\Windows\system32\mswsock.dll
0x000007fefc8c0000 - 0x000007fefc8c7000 	C:\Windows\System32\wship6.dll
0x00000000634b0000 - 0x00000000634c1000 	C:\Program Files\Java\jdk1.7.0_45\jre\bin\nio.dll
0x000007fefcf30000 - 0x000007fefcf87000 	C:\Windows\system32\apphelp.dll
0x000007fefc930000 - 0x000007fefc947000 	C:\Windows\system32\CRYPTSP.dll
0x000007fefc5f0000 - 0x000007fefc637000 	C:\Windows\system32\rsaenh.dll
0x000007fefc3b0000 - 0x000007fefc3ce000 	C:\Windows\system32\USERENV.dll
0x000007fefd060000 - 0x000007fefd06f000 	C:\Windows\system32\profapi.dll
0x000007fefcf90000 - 0x000007fefcf9f000 	C:\Windows\system32\CRYPTBASE.dll
0x000007fefb0a0000 - 0x000007fefb0b5000 	C:\Windows\system32\NLAapi.dll
0x000007fefc750000 - 0x000007fefc7ab000 	C:\Windows\system32\DNSAPI.dll
0x000007fef1ff0000 - 0x000007fef1ffb000 	C:\Windows\System32\winrnr.dll
0x000007fef1fd0000 - 0x000007fef1fe5000 	C:\Windows\system32\napinsp.dll
0x000007fef1fb0000 - 0x000007fef1fc9000 	C:\Windows\system32\pnrpnsp.dll
0x0000000071060000 - 0x000000007108e000 	C:\Program Files\Common Files\Microsoft Shared\Windows Live\WLIDNSP.DLL
0x000007fefc2a0000 - 0x000007fefc2a7000 	C:\Windows\System32\wshtcpip.dll
0x000007fefac50000 - 0x000007fefac77000 	C:\Windows\system32\IPHLPAPI.DLL
0x000007fefac40000 - 0x000007fefac4b000 	C:\Windows\system32\WINNSI.DLL
0x000007fef3880000 - 0x000007fef3888000 	C:\Windows\system32\rasadhlp.dll
0x000007fefabb0000 - 0x000007fefac03000 	C:\Windows\System32\fwpuclnt.dll

VM Arguments:
jvm_args: -Dclassworlds.conf=C:\Program Files (x86)\NetBeans 8.0.2\java\maven\bin\m2.conf -Dmaven.home=C:\Program Files (x86)\NetBeans 8.0.2\java\maven 
java_command: org.codehaus.plexus.classworlds.launcher.Launcher -Dnetbeans.deploy=true -Dmaven.ext.class.path=C:\Program Files (x86)\NetBeans 8.0.2\java\maven-nblib\netbeans-eventspy.jar -Dfile.encoding=UTF-8 package
Launcher Type: SUN_STANDARD

Environment Variables:
JAVA_HOME=C:\Program Files\Java\jdk1.7.0_45
PATH=C:\ProgramData\Oracle\Java\javapath;ommonfiles\instantclient-basic-windows.x64-12.1.0.1.0;D:\oracle\product\10.2.0\db_2\bin;D:\oracle\product\10.2.0\client_2;C:\Program Files\Common Files\Microsoft Shared\Windows Live;C:\Windows\system32;C:\Windows;C:\Windows\System32\Wbem;C:\Windows\System32\WindowsPowerShell\v1.0\;G:\INST\ARHIV\ARC\;C:\Program Files\Common Files\Microsoft Shared\Windows Live;C:\Program Files (x86)\Skype\Phone\;C:\Program Files\Common Files\Microsoft Shared\Windows Live
USERNAME=Администратор
OS=Windows_NT
PROCESSOR_IDENTIFIER=AMD64 Family 16 Model 2 Stepping 3, AuthenticAMD



---------------  S Y S T E M  ---------------

OS: Windows 7 , 64 bit Build 7600 

CPU:total 4 (4 cores per cpu, 1 threads per core) family 16 model 2 stepping 3, cmov, cx8, fxsr, mmx, sse, sse2, sse3, popcnt, mmxext, 3dnowpref, lzcnt, sse4a, tsc, tscinvbit, tscinv

Memory: 4k page, physical 6289912k(916064k free), swap 15142384k(204620k free)

vm_info: Java HotSpot(TM) 64-Bit Server VM (24.45-b08) for windows-amd64 JRE (1.7.0_45-b18), built on Oct  8 2013 05:47:22 by "java_re" with unknown MS VC++:1600

time: Fri Mar 04 13:56:32 2016
elapsed time: 47 seconds

